<?xml version="1.0" encoding="UTF-8"?>
<testsuite name="com.asiercl.server.ServerApplicationTests" tests="1" skipped="0" failures="0" errors="0" timestamp="2025-03-11T22:36:02" hostname="Pavillon" time="0.474">
  <properties/>
  <testcase name="contextLoads()" classname="com.asiercl.server.ServerApplicationTests" time="0.474"/>
  <system-out><![CDATA[23:36:01.483 [Test worker] INFO org.springframework.test.context.support.AnnotationConfigContextLoaderUtils -- Could not detect default configuration classes for test class [com.asiercl.server.ServerApplicationTests]: ServerApplicationTests does not declare any static, non-private, non-final, nested classes annotated with @Configuration.
23:36:01.547 [Test worker] INFO org.springframework.boot.test.context.SpringBootTestContextBootstrapper -- Found @SpringBootConfiguration com.asiercl.server.ServerApplication for test class com.asiercl.server.ServerApplicationTests

  .   ____          _            __ _ _
 /\\ / ___'_ __ _ _(_)_ __  __ _ \ \ \ \
( ( )\___ | '_ | '_| | '_ \/ _` | \ \ \ \
 \\/  ___)| |_)| | | | | || (_| |  ) ) ) )
  '  |____| .__|_| |_|_| |_\__, | / / / /
 =========|_|==============|___/=/_/_/_/

 :: Spring Boot ::                (v3.4.3)

2025-03-11T23:36:01.804+01:00  INFO 16707 --- [Server] [    Test worker] c.asiercl.server.ServerApplicationTests  : Starting ServerApplicationTests using Java 17.0.14 with PID 16707 (started by osbby in /home/osbby/Documents/Hackatoon/Java/Server)
2025-03-11T23:36:01.805+01:00  INFO 16707 --- [Server] [    Test worker] c.asiercl.server.ServerApplicationTests  : No active profile set, falling back to 1 default profile: "default"
2025-03-11T23:36:02.593+01:00  INFO 16707 --- [Server] [    Test worker] c.asiercl.server.ServerApplicationTests  : Started ServerApplicationTests in 0.958 seconds (process running for 1.604)
]]></system-out>
  <system-err><![CDATA[]]></system-err>
</testsuite>
